<?xml version="1.0" encoding="UTF-8" standalone="no"?>
<testsuite failures="0" name="cucumber.runtime.formatter.JUnitFormatter" skipped="0" tests="3" time="24.650109">
<testcase classname="Test Login functionality" name="Check Login Functionality with valid Credentials" time="10.760544">
<system-out><![CDATA[Given User will be open browser and launch Application......................passed
When User will be click on My Account tab and click on Login................passed
Then User will be enter ID and Password.....................................passed
And Click on Login Button...................................................passed
Then Verify user is Navigate to the Your Store..............................passed
]]></system-out>
</testcase>
<testcase classname="Test Login functionality" name="Check Login Functionality with Invalid ID and Password" time="7.186792">
<system-out><![CDATA[Given User will be open browser and launch Application......................passed
When User will be click on My Account tab and click on Login................passed
Then User will be enter invalid ID and Password.............................passed
And Click on Login Button...................................................passed
]]></system-out>
</testcase>
<testcase classname="Test Login functionality" name="Check Login Functionality without Credentials" time="6.702773">
<system-out><![CDATA[Given User will be open browser and launch Application......................passed
When User will be click on My Account tab and click on Login................passed
And Click on Login Button...................................................passed
]]></system-out>
</testcase>
</testsuite>
